Added Component: Designator=MH1(MH_3.2MMD)
Added Component: Designator=MH2(MH_3.2MMD)
Added Component: Designator=MH3(MH_3.2MMD)
Added Component: Designator=MH4(MH_3.2MMD)
Added Component: Designator=P1(HDR1X16_Buttons)
Added Component: Designator=P2(HDR1X3_Potentiometer)
Added Component: Designator=P3(HDR1X3_Potentiometer)
Added Component: Designator=P4(HDR1X3_Potentiometer)
Added Component: Designator=P5(HDR1X5_Encoder)
Added Component: Designator=P6(HDR1X5_Encoder)
Added Component: Designator=P7(HDR1X5_Encoder)
Added Component: Designator=U1(Arduino_Pro_Micro_Board)
Added Component: Designator=U2(Arduino_Pro_Micro_Board)
Added Component: Designator=U3(Multiplexer_16CH)
Added Pin To Net: NetName=NetP1_2 Pin=P1-2
Added Pin To Net: NetName=NetP1_3 Pin=P1-3
Added Pin To Net: NetName=NetP1_4 Pin=P1-4
Added Pin To Net: NetName=NetP1_5 Pin=P1-5
Added Pin To Net: NetName=NetP1_6 Pin=P1-6
Added Pin To Net: NetName=NetP1_7 Pin=P1-7
Added Pin To Net: NetName=NetP1_8 Pin=P1-8
Added Pin To Net: NetName=GND Pin=P2-1
Added Pin To Net: NetName=NetP2_2 Pin=P2-2
Added Pin To Net: NetName=NetP2_3 Pin=P2-3
Added Pin To Net: NetName=GND Pin=P3-1
Added Pin To Net: NetName=NetP2_2 Pin=P3-2
Added Pin To Net: NetName=GND Pin=P4-1
Added Pin To Net: NetName=NetP2_2 Pin=P4-2
Added Pin To Net: NetName=GND Pin=P5-1
Added Pin To Net: NetName=NetP2_2 Pin=P5-5
Added Pin To Net: NetName=GND Pin=P6-1
Added Pin To Net: NetName=NetP2_2 Pin=P6-5
Added Pin To Net: NetName=GND Pin=P7-1
Added Pin To Net: NetName=NetP2_2 Pin=P7-5
Added Pin To Net: NetName=GND Pin=U1-3
Added Pin To Net: NetName=GND Pin=U1-4
Added Pin To Net: NetName=GND Pin=U1-14
Added Pin To Net: NetName=NetP2_2 Pin=U1-16
Added Pin To Net: NetName=NetP2_3 Pin=U1-20
Added Pin To Net: NetName=GND Pin=U2-3
Added Pin To Net: NetName=GND Pin=U2-4
Added Pin To Net: NetName=GND Pin=U2-14
Added Pin To Net: NetName=NetP2_2 Pin=U2-16
Added Pin To Net: NetName=NetP1_2 Pin=U3-2
Added Pin To Net: NetName=NetP1_3 Pin=U3-3
Added Pin To Net: NetName=NetP1_4 Pin=U3-4
Added Pin To Net: NetName=NetP1_5 Pin=U3-5
Added Pin To Net: NetName=NetP1_6 Pin=U3-6
Added Pin To Net: NetName=NetP1_7 Pin=U3-7
Added Pin To Net: NetName=NetP1_8 Pin=U3-8
Added Pin To Net: NetName=GND Pin=U3-17
Added Pin To Net: NetName=NetP2_2 Pin=U3-18
Added Pin To Net: NetName=GND Pin=U3-19
Added Pin To Net: NetName=NetP1_1 Pin=P1-1
Added Pin To Net: NetName=NetP1_1 Pin=U3-1
Added Net: Name=NetP1_1
Added Pin To Net: NetName=NetP1_9 Pin=P1-9
Added Pin To Net: NetName=NetP1_9 Pin=U3-9
Added Net: Name=NetP1_9
Added Pin To Net: NetName=NetP1_10 Pin=P1-10
Added Pin To Net: NetName=NetP1_10 Pin=U3-10
Added Net: Name=NetP1_10
Added Pin To Net: NetName=NetP1_11 Pin=P1-11
Added Pin To Net: NetName=NetP1_11 Pin=U3-11
Added Net: Name=NetP1_11
Added Pin To Net: NetName=NetP1_12 Pin=P1-12
Added Pin To Net: NetName=NetP1_12 Pin=U3-12
Added Net: Name=NetP1_12
Added Pin To Net: NetName=NetP1_13 Pin=P1-13
Added Pin To Net: NetName=NetP1_13 Pin=U3-13
Added Net: Name=NetP1_13
Added Pin To Net: NetName=NetP1_14 Pin=P1-14
Added Pin To Net: NetName=NetP1_14 Pin=U3-14
Added Net: Name=NetP1_14
Added Pin To Net: NetName=NetP1_15 Pin=P1-15
Added Pin To Net: NetName=NetP1_15 Pin=U3-15
Added Net: Name=NetP1_15
Added Pin To Net: NetName=NetP1_16 Pin=P1-16
Added Pin To Net: NetName=NetP1_16 Pin=U3-16
Added Net: Name=NetP1_16
Added Pin To Net: NetName=NetP3_3 Pin=P3-3
Added Pin To Net: NetName=NetP3_3 Pin=U1-19
Added Net: Name=NetP3_3
Added Pin To Net: NetName=NetP4_3 Pin=P4-3
Added Pin To Net: NetName=NetP4_3 Pin=U1-18
Added Net: Name=NetP4_3
Added Pin To Net: NetName=NetP5_2 Pin=P5-2
Added Pin To Net: NetName=NetP5_2 Pin=U1-1
Added Net: Name=NetP5_2
Added Pin To Net: NetName=NetP5_3 Pin=P5-3
Added Pin To Net: NetName=NetP5_3 Pin=U1-2
Added Net: Name=NetP5_3
Added Pin To Net: NetName=NetP5_4 Pin=P5-4
Added Pin To Net: NetName=NetP5_4 Pin=U1-12
Added Net: Name=NetP5_4
Added Pin To Net: NetName=NetP6_2 Pin=P6-2
Added Pin To Net: NetName=NetP6_2 Pin=U1-5
Added Net: Name=NetP6_2
Added Pin To Net: NetName=NetP6_3 Pin=P6-3
Added Pin To Net: NetName=NetP6_3 Pin=U1-6
Added Net: Name=NetP6_3
Added Pin To Net: NetName=NetP6_4 Pin=P6-4
Added Pin To Net: NetName=NetP6_4 Pin=U1-11
Added Net: Name=NetP6_4
Added Pin To Net: NetName=NetP7_2 Pin=P7-2
Added Pin To Net: NetName=NetP7_2 Pin=U2-1
Added Net: Name=NetP7_2
Added Pin To Net: NetName=NetP7_3 Pin=P7-3
Added Pin To Net: NetName=NetP7_3 Pin=U2-2
Added Net: Name=NetP7_3
Added Pin To Net: NetName=NetP7_4 Pin=P7-4
Added Pin To Net: NetName=NetP7_4 Pin=U2-5
Added Net: Name=NetP7_4
Added Pin To Net: NetName=NetU1_8 Pin=U1-8
Added Pin To Net: NetName=NetU1_8 Pin=U2-18
Added Net: Name=NetU1_8
Added Pin To Net: NetName=NetU1_9 Pin=U1-9
Added Pin To Net: NetName=NetU1_9 Pin=U2-17
Added Net: Name=NetU1_9
Added Pin To Net: NetName=NetU1_10 Pin=U1-10
Added Pin To Net: NetName=NetU1_10 Pin=U2-19
Added Net: Name=NetU1_10
Added Pin To Net: NetName=NetU1_17 Pin=U1-17
Added Pin To Net: NetName=NetU1_17 Pin=U3-24
Added Net: Name=NetU1_17
Added Pin To Net: NetName=NetU1_21 Pin=U1-21
Added Pin To Net: NetName=NetU1_21 Pin=U3-23
Added Net: Name=NetU1_21
Added Pin To Net: NetName=NetU1_22 Pin=U1-22
Added Pin To Net: NetName=NetU1_22 Pin=U3-22
Added Net: Name=NetU1_22
Added Pin To Net: NetName=NetU1_23 Pin=U1-23
Added Pin To Net: NetName=NetU1_23 Pin=U3-21
Added Net: Name=NetU1_23
Added Pin To Net: NetName=NetU1_24 Pin=U1-24
Added Pin To Net: NetName=NetU1_24 Pin=U3-20
Added Net: Name=NetU1_24
Added Member To Class: ClassName=Flybox2_main_board Member=Component MH1 Mounting Hole 3.2mm Drill
Added Member To Class: ClassName=Flybox2_main_board Member=Component MH2 Mounting Hole 3.2mm Drill
Added Member To Class: ClassName=Flybox2_main_board Member=Component MH3 Mounting Hole 3.2mm Drill
Added Member To Class: ClassName=Flybox2_main_board Member=Component MH4 Mounting Hole 3.2mm Drill
Added Member To Class: ClassName=Flybox2_main_board Member=Component P1 Header_16_Keyboard
Added Member To Class: ClassName=Flybox2_main_board Member=Component P2 Header3_Potentiometer
Added Member To Class: ClassName=Flybox2_main_board Member=Component P3 Header3_Potentiometer
Added Member To Class: ClassName=Flybox2_main_board Member=Component P4 Header3_Potentiometer
Added Member To Class: ClassName=Flybox2_main_board Member=Component P5 Header_5_Encoder
Added Member To Class: ClassName=Flybox2_main_board Member=Component P6 Header_5_Encoder
Added Member To Class: ClassName=Flybox2_main_board Member=Component P7 Header_5_Encoder
Added Member To Class: ClassName=Flybox2_main_board Member=Component U1 Main_Module
Added Member To Class: ClassName=Flybox2_main_board Member=Component U2 Encoder_Controller
Added Member To Class: ClassName=Flybox2_main_board Member=Component U3 Multiplexer_16CH
Added Room: Name=Flybox2_main_board
