Added Component: Designator=MH1(MH_3.2MMD)
Added Component: Designator=MH2(MH_3.2MMD)
Added Component: Designator=MH3(MH_3.2MMD)
Added Component: Designator=MH4(MH_3.2MMD)
Added Component: Designator=P1(HDR1X16_Buttons_plusGND)
Added Component: Designator=SW1(430456073736)
Add component (AddParameter): Name = "ComponentLink1Description"; Value = "Manufacturer URL"; VariantName = "[No Variations]"
Add component (AddParameter): Name = "ComponentLink1URL"; Value = "http://www.we-online.com"; VariantName = "[No Variations]"
Add component (AddParameter): Name = "ComponentLink2Description"; Value = "Datasheet"; VariantName = "[No Variations]"
Add component (AddParameter): Name = "ComponentLink2URL"; Value = "http://katalog.we-online.de/em/datasheet/430456073736.pdf"; VariantName = "[No Variations]"
Add component (AddParameter): Name = "Manufacturer"; Value = "Wuerth Elektronik"; VariantName = "[No Variations]"
Add component (AddParameter): Name = "NoPins"; Value = "04"; VariantName = "[No Variations]"
Add component (AddParameter): Name = "PackageReference"; Value = "430456073736"; VariantName = "[No Variations]"
Add component (AddParameter): Name = "PartNumber"; Value = "430456073736"; VariantName = "[No Variations]"
Added Component: Designator=SW2(430456073736)
Add component (AddParameter): Name = "ComponentLink1Description"; Value = "Manufacturer URL"; VariantName = "[No Variations]"
Add component (AddParameter): Name = "ComponentLink1URL"; Value = "http://www.we-online.com"; VariantName = "[No Variations]"
Add component (AddParameter): Name = "ComponentLink2Description"; Value = "Datasheet"; VariantName = "[No Variations]"
Add component (AddParameter): Name = "ComponentLink2URL"; Value = "http://katalog.we-online.de/em/datasheet/430456073736.pdf"; VariantName = "[No Variations]"
Add component (AddParameter): Name = "Manufacturer"; Value = "Wuerth Elektronik"; VariantName = "[No Variations]"
Add component (AddParameter): Name = "NoPins"; Value = "04"; VariantName = "[No Variations]"
Add component (AddParameter): Name = "PackageReference"; Value = "430456073736"; VariantName = "[No Variations]"
Add component (AddParameter): Name = "PartNumber"; Value = "430456073736"; VariantName = "[No Variations]"
Added Component: Designator=SW3(430456073736)
Add component (AddParameter): Name = "ComponentLink1Description"; Value = "Manufacturer URL"; VariantName = "[No Variations]"
Add component (AddParameter): Name = "ComponentLink1URL"; Value = "http://www.we-online.com"; VariantName = "[No Variations]"
Add component (AddParameter): Name = "ComponentLink2Description"; Value = "Datasheet"; VariantName = "[No Variations]"
Add component (AddParameter): Name = "ComponentLink2URL"; Value = "http://katalog.we-online.de/em/datasheet/430456073736.pdf"; VariantName = "[No Variations]"
Add component (AddParameter): Name = "Manufacturer"; Value = "Wuerth Elektronik"; VariantName = "[No Variations]"
Add component (AddParameter): Name = "NoPins"; Value = "04"; VariantName = "[No Variations]"
Add component (AddParameter): Name = "PackageReference"; Value = "430456073736"; VariantName = "[No Variations]"
Add component (AddParameter): Name = "PartNumber"; Value = "430456073736"; VariantName = "[No Variations]"
Added Component: Designator=SW4(430456073736)
Add component (AddParameter): Name = "ComponentLink1Description"; Value = "Manufacturer URL"; VariantName = "[No Variations]"
Add component (AddParameter): Name = "ComponentLink1URL"; Value = "http://www.we-online.com"; VariantName = "[No Variations]"
Add component (AddParameter): Name = "ComponentLink2Description"; Value = "Datasheet"; VariantName = "[No Variations]"
Add component (AddParameter): Name = "ComponentLink2URL"; Value = "http://katalog.we-online.de/em/datasheet/430456073736.pdf"; VariantName = "[No Variations]"
Add component (AddParameter): Name = "Manufacturer"; Value = "Wuerth Elektronik"; VariantName = "[No Variations]"
Add component (AddParameter): Name = "NoPins"; Value = "04"; VariantName = "[No Variations]"
Add component (AddParameter): Name = "PackageReference"; Value = "430456073736"; VariantName = "[No Variations]"
Add component (AddParameter): Name = "PartNumber"; Value = "430456073736"; VariantName = "[No Variations]"
Added Component: Designator=SW5(430456073736)
Add component (AddParameter): Name = "ComponentLink1Description"; Value = "Manufacturer URL"; VariantName = "[No Variations]"
Add component (AddParameter): Name = "ComponentLink1URL"; Value = "http://www.we-online.com"; VariantName = "[No Variations]"
Add component (AddParameter): Name = "ComponentLink2Description"; Value = "Datasheet"; VariantName = "[No Variations]"
Add component (AddParameter): Name = "ComponentLink2URL"; Value = "http://katalog.we-online.de/em/datasheet/430456073736.pdf"; VariantName = "[No Variations]"
Add component (AddParameter): Name = "Manufacturer"; Value = "Wuerth Elektronik"; VariantName = "[No Variations]"
Add component (AddParameter): Name = "NoPins"; Value = "04"; VariantName = "[No Variations]"
Add component (AddParameter): Name = "PackageReference"; Value = "430456073736"; VariantName = "[No Variations]"
Add component (AddParameter): Name = "PartNumber"; Value = "430456073736"; VariantName = "[No Variations]"
Added Component: Designator=SW6(430456073736)
Add component (AddParameter): Name = "ComponentLink1Description"; Value = "Manufacturer URL"; VariantName = "[No Variations]"
Add component (AddParameter): Name = "ComponentLink1URL"; Value = "http://www.we-online.com"; VariantName = "[No Variations]"
Add component (AddParameter): Name = "ComponentLink2Description"; Value = "Datasheet"; VariantName = "[No Variations]"
Add component (AddParameter): Name = "ComponentLink2URL"; Value = "http://katalog.we-online.de/em/datasheet/430456073736.pdf"; VariantName = "[No Variations]"
Add component (AddParameter): Name = "Manufacturer"; Value = "Wuerth Elektronik"; VariantName = "[No Variations]"
Add component (AddParameter): Name = "NoPins"; Value = "04"; VariantName = "[No Variations]"
Add component (AddParameter): Name = "PackageReference"; Value = "430456073736"; VariantName = "[No Variations]"
Add component (AddParameter): Name = "PartNumber"; Value = "430456073736"; VariantName = "[No Variations]"
Added Component: Designator=SW7(430456073736)
Add component (AddParameter): Name = "ComponentLink1Description"; Value = "Manufacturer URL"; VariantName = "[No Variations]"
Add component (AddParameter): Name = "ComponentLink1URL"; Value = "http://www.we-online.com"; VariantName = "[No Variations]"
Add component (AddParameter): Name = "ComponentLink2Description"; Value = "Datasheet"; VariantName = "[No Variations]"
Add component (AddParameter): Name = "ComponentLink2URL"; Value = "http://katalog.we-online.de/em/datasheet/430456073736.pdf"; VariantName = "[No Variations]"
Add component (AddParameter): Name = "Manufacturer"; Value = "Wuerth Elektronik"; VariantName = "[No Variations]"
Add component (AddParameter): Name = "NoPins"; Value = "04"; VariantName = "[No Variations]"
Add component (AddParameter): Name = "PackageReference"; Value = "430456073736"; VariantName = "[No Variations]"
Add component (AddParameter): Name = "PartNumber"; Value = "430456073736"; VariantName = "[No Variations]"
Added Component: Designator=SW8(430456073736)
Add component (AddParameter): Name = "ComponentLink1Description"; Value = "Manufacturer URL"; VariantName = "[No Variations]"
Add component (AddParameter): Name = "ComponentLink1URL"; Value = "http://www.we-online.com"; VariantName = "[No Variations]"
Add component (AddParameter): Name = "ComponentLink2Description"; Value = "Datasheet"; VariantName = "[No Variations]"
Add component (AddParameter): Name = "ComponentLink2URL"; Value = "http://katalog.we-online.de/em/datasheet/430456073736.pdf"; VariantName = "[No Variations]"
Add component (AddParameter): Name = "Manufacturer"; Value = "Wuerth Elektronik"; VariantName = "[No Variations]"
Add component (AddParameter): Name = "NoPins"; Value = "04"; VariantName = "[No Variations]"
Add component (AddParameter): Name = "PackageReference"; Value = "430456073736"; VariantName = "[No Variations]"
Add component (AddParameter): Name = "PartNumber"; Value = "430456073736"; VariantName = "[No Variations]"
Added Component: Designator=SW9(430456073736)
Add component (AddParameter): Name = "ComponentLink1Description"; Value = "Manufacturer URL"; VariantName = "[No Variations]"
Add component (AddParameter): Name = "ComponentLink1URL"; Value = "http://www.we-online.com"; VariantName = "[No Variations]"
Add component (AddParameter): Name = "ComponentLink2Description"; Value = "Datasheet"; VariantName = "[No Variations]"
Add component (AddParameter): Name = "ComponentLink2URL"; Value = "http://katalog.we-online.de/em/datasheet/430456073736.pdf"; VariantName = "[No Variations]"
Add component (AddParameter): Name = "Manufacturer"; Value = "Wuerth Elektronik"; VariantName = "[No Variations]"
Add component (AddParameter): Name = "NoPins"; Value = "04"; VariantName = "[No Variations]"
Add component (AddParameter): Name = "PackageReference"; Value = "430456073736"; VariantName = "[No Variations]"
Add component (AddParameter): Name = "PartNumber"; Value = "430456073736"; VariantName = "[No Variations]"
Added Component: Designator=SW10(430456073736)
Add component (AddParameter): Name = "ComponentLink1Description"; Value = "Manufacturer URL"; VariantName = "[No Variations]"
Add component (AddParameter): Name = "ComponentLink1URL"; Value = "http://www.we-online.com"; VariantName = "[No Variations]"
Add component (AddParameter): Name = "ComponentLink2Description"; Value = "Datasheet"; VariantName = "[No Variations]"
Add component (AddParameter): Name = "ComponentLink2URL"; Value = "http://katalog.we-online.de/em/datasheet/430456073736.pdf"; VariantName = "[No Variations]"
Add component (AddParameter): Name = "Manufacturer"; Value = "Wuerth Elektronik"; VariantName = "[No Variations]"
Add component (AddParameter): Name = "NoPins"; Value = "04"; VariantName = "[No Variations]"
Add component (AddParameter): Name = "PackageReference"; Value = "430456073736"; VariantName = "[No Variations]"
Add component (AddParameter): Name = "PartNumber"; Value = "430456073736"; VariantName = "[No Variations]"
Added Component: Designator=SW11(430456073736)
Add component (AddParameter): Name = "ComponentLink1Description"; Value = "Manufacturer URL"; VariantName = "[No Variations]"
Add component (AddParameter): Name = "ComponentLink1URL"; Value = "http://www.we-online.com"; VariantName = "[No Variations]"
Add component (AddParameter): Name = "ComponentLink2Description"; Value = "Datasheet"; VariantName = "[No Variations]"
Add component (AddParameter): Name = "ComponentLink2URL"; Value = "http://katalog.we-online.de/em/datasheet/430456073736.pdf"; VariantName = "[No Variations]"
Add component (AddParameter): Name = "Manufacturer"; Value = "Wuerth Elektronik"; VariantName = "[No Variations]"
Add component (AddParameter): Name = "NoPins"; Value = "04"; VariantName = "[No Variations]"
Add component (AddParameter): Name = "PackageReference"; Value = "430456073736"; VariantName = "[No Variations]"
Add component (AddParameter): Name = "PartNumber"; Value = "430456073736"; VariantName = "[No Variations]"
Added Component: Designator=SW12(430456073736)
Add component (AddParameter): Name = "ComponentLink1Description"; Value = "Manufacturer URL"; VariantName = "[No Variations]"
Add component (AddParameter): Name = "ComponentLink1URL"; Value = "http://www.we-online.com"; VariantName = "[No Variations]"
Add component (AddParameter): Name = "ComponentLink2Description"; Value = "Datasheet"; VariantName = "[No Variations]"
Add component (AddParameter): Name = "ComponentLink2URL"; Value = "http://katalog.we-online.de/em/datasheet/430456073736.pdf"; VariantName = "[No Variations]"
Add component (AddParameter): Name = "Manufacturer"; Value = "Wuerth Elektronik"; VariantName = "[No Variations]"
Add component (AddParameter): Name = "NoPins"; Value = "04"; VariantName = "[No Variations]"
Add component (AddParameter): Name = "PackageReference"; Value = "430456073736"; VariantName = "[No Variations]"
Add component (AddParameter): Name = "PartNumber"; Value = "430456073736"; VariantName = "[No Variations]"
Added Component: Designator=SW13(430456073736)
Add component (AddParameter): Name = "ComponentLink1Description"; Value = "Manufacturer URL"; VariantName = "[No Variations]"
Add component (AddParameter): Name = "ComponentLink1URL"; Value = "http://www.we-online.com"; VariantName = "[No Variations]"
Add component (AddParameter): Name = "ComponentLink2Description"; Value = "Datasheet"; VariantName = "[No Variations]"
Add component (AddParameter): Name = "ComponentLink2URL"; Value = "http://katalog.we-online.de/em/datasheet/430456073736.pdf"; VariantName = "[No Variations]"
Add component (AddParameter): Name = "Manufacturer"; Value = "Wuerth Elektronik"; VariantName = "[No Variations]"
Add component (AddParameter): Name = "NoPins"; Value = "04"; VariantName = "[No Variations]"
Add component (AddParameter): Name = "PackageReference"; Value = "430456073736"; VariantName = "[No Variations]"
Add component (AddParameter): Name = "PartNumber"; Value = "430456073736"; VariantName = "[No Variations]"
Added Component: Designator=SW14(430456073736)
Add component (AddParameter): Name = "ComponentLink1Description"; Value = "Manufacturer URL"; VariantName = "[No Variations]"
Add component (AddParameter): Name = "ComponentLink1URL"; Value = "http://www.we-online.com"; VariantName = "[No Variations]"
Add component (AddParameter): Name = "ComponentLink2Description"; Value = "Datasheet"; VariantName = "[No Variations]"
Add component (AddParameter): Name = "ComponentLink2URL"; Value = "http://katalog.we-online.de/em/datasheet/430456073736.pdf"; VariantName = "[No Variations]"
Add component (AddParameter): Name = "Manufacturer"; Value = "Wuerth Elektronik"; VariantName = "[No Variations]"
Add component (AddParameter): Name = "NoPins"; Value = "04"; VariantName = "[No Variations]"
Add component (AddParameter): Name = "PackageReference"; Value = "430456073736"; VariantName = "[No Variations]"
Add component (AddParameter): Name = "PartNumber"; Value = "430456073736"; VariantName = "[No Variations]"
Added Component: Designator=SW15(430456073736)
Add component (AddParameter): Name = "ComponentLink1Description"; Value = "Manufacturer URL"; VariantName = "[No Variations]"
Add component (AddParameter): Name = "ComponentLink1URL"; Value = "http://www.we-online.com"; VariantName = "[No Variations]"
Add component (AddParameter): Name = "ComponentLink2Description"; Value = "Datasheet"; VariantName = "[No Variations]"
Add component (AddParameter): Name = "ComponentLink2URL"; Value = "http://katalog.we-online.de/em/datasheet/430456073736.pdf"; VariantName = "[No Variations]"
Add component (AddParameter): Name = "Manufacturer"; Value = "Wuerth Elektronik"; VariantName = "[No Variations]"
Add component (AddParameter): Name = "NoPins"; Value = "04"; VariantName = "[No Variations]"
Add component (AddParameter): Name = "PackageReference"; Value = "430456073736"; VariantName = "[No Variations]"
Add component (AddParameter): Name = "PartNumber"; Value = "430456073736"; VariantName = "[No Variations]"
Added Component: Designator=SW16(430456073736)
Add component (AddParameter): Name = "ComponentLink1Description"; Value = "Manufacturer URL"; VariantName = "[No Variations]"
Add component (AddParameter): Name = "ComponentLink1URL"; Value = "http://www.we-online.com"; VariantName = "[No Variations]"
Add component (AddParameter): Name = "ComponentLink2Description"; Value = "Datasheet"; VariantName = "[No Variations]"
Add component (AddParameter): Name = "ComponentLink2URL"; Value = "http://katalog.we-online.de/em/datasheet/430456073736.pdf"; VariantName = "[No Variations]"
Add component (AddParameter): Name = "Manufacturer"; Value = "Wuerth Elektronik"; VariantName = "[No Variations]"
Add component (AddParameter): Name = "NoPins"; Value = "04"; VariantName = "[No Variations]"
Add component (AddParameter): Name = "PackageReference"; Value = "430456073736"; VariantName = "[No Variations]"
Add component (AddParameter): Name = "PartNumber"; Value = "430456073736"; VariantName = "[No Variations]"
Added Pin To Net: NetName=NetP1_1 Pin=P1-1
Added Pin To Net: NetName=NetP1_1 Pin=SW1-1
Added Pin To Net: NetName=NetP1_1 Pin=SW1-2
Added Net: Name=NetP1_1
Added Pin To Net: NetName=NetP1_2 Pin=P1-2
Added Pin To Net: NetName=NetP1_2 Pin=SW2-1
Added Pin To Net: NetName=NetP1_2 Pin=SW2-2
Added Net: Name=NetP1_2
Added Pin To Net: NetName=NetP1_3 Pin=P1-3
Added Pin To Net: NetName=NetP1_3 Pin=SW3-1
Added Pin To Net: NetName=NetP1_3 Pin=SW3-2
Added Net: Name=NetP1_3
Added Pin To Net: NetName=NetP1_4 Pin=P1-4
Added Pin To Net: NetName=NetP1_4 Pin=SW4-1
Added Pin To Net: NetName=NetP1_4 Pin=SW4-2
Added Net: Name=NetP1_4
Added Pin To Net: NetName=NetP1_5 Pin=P1-5
Added Pin To Net: NetName=NetP1_5 Pin=SW5-1
Added Pin To Net: NetName=NetP1_5 Pin=SW5-2
Added Net: Name=NetP1_5
Added Pin To Net: NetName=NetP1_6 Pin=P1-6
Added Pin To Net: NetName=NetP1_6 Pin=SW6-1
Added Pin To Net: NetName=NetP1_6 Pin=SW6-2
Added Net: Name=NetP1_6
Added Pin To Net: NetName=NetP1_7 Pin=P1-7
Added Pin To Net: NetName=NetP1_7 Pin=SW7-1
Added Pin To Net: NetName=NetP1_7 Pin=SW7-2
Added Net: Name=NetP1_7
Added Pin To Net: NetName=NetP1_8 Pin=P1-8
Added Pin To Net: NetName=NetP1_8 Pin=SW8-1
Added Pin To Net: NetName=NetP1_8 Pin=SW8-2
Added Net: Name=NetP1_8
Added Pin To Net: NetName=NetP1_9 Pin=P1-9
Added Pin To Net: NetName=NetP1_9 Pin=SW9-1
Added Pin To Net: NetName=NetP1_9 Pin=SW9-2
Added Net: Name=NetP1_9
Added Pin To Net: NetName=NetP1_10 Pin=P1-10
Added Pin To Net: NetName=NetP1_10 Pin=SW10-1
Added Pin To Net: NetName=NetP1_10 Pin=SW10-2
Added Net: Name=NetP1_10
Added Pin To Net: NetName=NetP1_11 Pin=P1-11
Added Pin To Net: NetName=NetP1_11 Pin=SW11-1
Added Pin To Net: NetName=NetP1_11 Pin=SW11-2
Added Net: Name=NetP1_11
Added Pin To Net: NetName=NetP1_12 Pin=P1-12
Added Pin To Net: NetName=NetP1_12 Pin=SW12-1
Added Pin To Net: NetName=NetP1_12 Pin=SW12-2
Added Net: Name=NetP1_12
Added Pin To Net: NetName=NetP1_13 Pin=P1-13
Added Pin To Net: NetName=NetP1_13 Pin=SW13-1
Added Pin To Net: NetName=NetP1_13 Pin=SW13-2
Added Net: Name=NetP1_13
Added Pin To Net: NetName=NetP1_14 Pin=P1-14
Added Pin To Net: NetName=NetP1_14 Pin=SW14-1
Added Pin To Net: NetName=NetP1_14 Pin=SW14-2
Added Net: Name=NetP1_14
Added Pin To Net: NetName=NetP1_15 Pin=P1-15
Added Pin To Net: NetName=NetP1_15 Pin=SW15-1
Added Pin To Net: NetName=NetP1_15 Pin=SW15-2
Added Net: Name=NetP1_15
Added Pin To Net: NetName=NetP1_16 Pin=P1-16
Added Pin To Net: NetName=NetP1_16 Pin=SW16-1
Added Pin To Net: NetName=NetP1_16 Pin=SW16-2
Added Net: Name=NetP1_16
Added Pin To Net: NetName=NetP1_17 Pin=P1-17
Added Pin To Net: NetName=NetP1_17 Pin=SW1-3
Added Pin To Net: NetName=NetP1_17 Pin=SW1-4
Added Pin To Net: NetName=NetP1_17 Pin=SW2-3
Added Pin To Net: NetName=NetP1_17 Pin=SW2-4
Added Pin To Net: NetName=NetP1_17 Pin=SW3-3
Added Pin To Net: NetName=NetP1_17 Pin=SW3-4
Added Pin To Net: NetName=NetP1_17 Pin=SW4-3
Added Pin To Net: NetName=NetP1_17 Pin=SW4-4
Added Pin To Net: NetName=NetP1_17 Pin=SW5-3
Added Pin To Net: NetName=NetP1_17 Pin=SW5-4
Added Pin To Net: NetName=NetP1_17 Pin=SW6-3
Added Pin To Net: NetName=NetP1_17 Pin=SW6-4
Added Pin To Net: NetName=NetP1_17 Pin=SW7-3
Added Pin To Net: NetName=NetP1_17 Pin=SW7-4
Added Pin To Net: NetName=NetP1_17 Pin=SW8-3
Added Pin To Net: NetName=NetP1_17 Pin=SW8-4
Added Pin To Net: NetName=NetP1_17 Pin=SW9-3
Added Pin To Net: NetName=NetP1_17 Pin=SW9-4
Added Pin To Net: NetName=NetP1_17 Pin=SW10-3
Added Pin To Net: NetName=NetP1_17 Pin=SW10-4
Added Pin To Net: NetName=NetP1_17 Pin=SW11-3
Added Pin To Net: NetName=NetP1_17 Pin=SW11-4
Added Pin To Net: NetName=NetP1_17 Pin=SW12-3
Added Pin To Net: NetName=NetP1_17 Pin=SW12-4
Added Pin To Net: NetName=NetP1_17 Pin=SW13-3
Added Pin To Net: NetName=NetP1_17 Pin=SW13-4
Added Pin To Net: NetName=NetP1_17 Pin=SW14-3
Added Pin To Net: NetName=NetP1_17 Pin=SW14-4
Added Pin To Net: NetName=NetP1_17 Pin=SW15-3
Added Pin To Net: NetName=NetP1_17 Pin=SW15-4
Added Pin To Net: NetName=NetP1_17 Pin=SW16-3
Added Pin To Net: NetName=NetP1_17 Pin=SW16-4
Added Net: Name=NetP1_17
Added Class: Name=ButtonPad
Added Room: Name=ButtonPad
